<?xml version="1.0" encoding="UTF-8"?>
<testsuite name="com.example.UserServiceTest" tests="2" skipped="0" failures="0" errors="0" timestamp="2025-12-27T19:43:04" hostname="niladris-MacBook-Air.local" time="1.18">
  <properties/>
  <testcase name="testGetUser()" classname="com.example.UserServiceTest" time="0.403"/>
  <testcase name="testCreateUser()" classname="com.example.UserServiceTest" time="0.776"/>
  <system-out><![CDATA[]]></system-out>
  <system-err><![CDATA[Dec 28, 2025 1:13:04 AM com.example.api.ApiClient get
INFO: Sending GET request to: https://jsonplaceholder.typicode.com/users/1
Dec 28, 2025 1:13:04 AM com.example.api.ApiClient get
INFO: Received response with status: 200
Dec 28, 2025 1:13:04 AM com.example.api.ApiClient post
INFO: Sending POST request to: https://jsonplaceholder.typicode.com/users
Dec 28, 2025 1:13:05 AM com.example.api.ApiClient post
INFO: Received response with status: 201
]]></system-err>
</testsuite>
