<?xml version="1.0" encoding="UTF-8"?>
<testsuite name="com.example.ApiClientTest" tests="1" skipped="0" failures="0" errors="0" timestamp="2025-12-27T19:43:05" hostname="niladris-MacBook-Air.local" time="0.166">
  <properties/>
  <testcase name="testGetUser()" classname="com.example.ApiClientTest" time="0.166"/>
  <system-out><![CDATA[]]></system-out>
  <system-err><![CDATA[Dec 28, 2025 1:13:05 AM com.example.api.ApiClient get
INFO: Sending GET request to: https://jsonplaceholder.typicode.com/users/1
Dec 28, 2025 1:13:05 AM com.example.api.ApiClient get
INFO: Received response with status: 200
]]></system-err>
</testsuite>
